<?xml version="1.0" encoding="UTF-8"?>
<!-- Generated by org.testng.reporters.JUnitReportReporter -->
<testsuite skipped="0" hostname="INCHELAP7PWG4D3" name="com.mre.qa.testcases.testclass" tests="1" failures="0" timestamp="27 Aug 2021 06:05:48 GMT" time="5.707" errors="0">
  <testcase name="test" time="5.707" classname="com.mre.qa.testcases.testclass"/>
</testsuite> <!-- com.mre.qa.testcases.testclass -->
