<?xml version="1.0" encoding="UTF-8"?>
<!-- Generated by org.testng.reporters.JUnitReportReporter -->
<testsuite skipped="0" hostname="INCHELAP7PWG4D3" name="com.mre.qa.testcases.testclass" tests="1" failures="0" timestamp="30 Aug 2021 09:35:48 GMT" time="5.401" errors="0">
  <testcase name="test" time="5.401" classname="com.mre.qa.testcases.testclass"/>
</testsuite> <!-- com.mre.qa.testcases.testclass -->
