<?xml version="1.0" encoding="UTF-8"?>
<!-- Generated by org.testng.reporters.JUnitReportReporter -->
<testsuite skipped="0" hostname="INCHELAP7PWG4D3" name="com.mre.qa.testcases.testclass" tests="1" failures="0" timestamp="10 Jan 2022 15:37:45 GMT" time="0.012" errors="0">
  <testcase name="test1" time="0.012" classname="com.mre.qa.testcases.testclass"/>
</testsuite> <!-- com.mre.qa.testcases.testclass -->
