<?xml version="1.0" encoding="UTF-8"?>
<!-- Generated by org.testng.reporters.JUnitReportReporter -->
<testsuite skipped="0" hostname="INCHELAP7PWG4D3" name="com.mre.qa.testcases.testclass" tests="5" failures="0" timestamp="28 Mar 2022 10:39:55 GMT" time="0.021" errors="0">
  <testcase name="test5" time="0.018" classname="com.mre.qa.testcases.testclass"/>
  <testcase name="test3" time="0.001" classname="com.mre.qa.testcases.testclass"/>
  <testcase name="test4" time="0.001" classname="com.mre.qa.testcases.testclass"/>
  <testcase name="test1" time="0.001" classname="com.mre.qa.testcases.testclass"/>
  <testcase name="test2" time="0.000" classname="com.mre.qa.testcases.testclass"/>
</testsuite> <!-- com.mre.qa.testcases.testclass -->
