<?xml version="1.0" encoding="UTF-8"?>
<!-- Generated by org.testng.reporters.JUnitReportReporter -->
<testsuite skipped="0" hostname="INCHELAP7PWG4D3" name="com.mre.qa.testcases.testclass" tests="1" failures="0" timestamp="28 Aug 2021 18:34:04 GMT" time="0.758" errors="0">
  <testcase name="test" time="0.758" classname="com.mre.qa.testcases.testclass"/>
</testsuite> <!-- com.mre.qa.testcases.testclass -->
