<?xml version="1.0" encoding="UTF-8"?>
<!-- Generated by org.testng.reporters.JUnitReportReporter -->
<testsuite skipped="0" hostname="INCHELAP7PWG4D3" name="com.mre.qa.testcases.SFPremiumQuotePageTest" tests="1" failures="0" timestamp="26 Aug 2021 17:09:33 GMT" time="144.472" errors="0">
  <testcase name="validateClickContinueBtn" time="144.472" classname="com.mre.qa.testcases.SFPremiumQuotePageTest"/>
</testsuite> <!-- com.mre.qa.testcases.SFPremiumQuotePageTest -->
